{"C:\\Users\\rpidi\\OneDrive\\Desktop\\Smart Code Lab\\backend\\src\\app.ts": {"path":"C:\\Users\\rpidi\\OneDrive\\Desktop\\Smart Code Lab\\backend\\src\\app.ts","statementMap":{"0":{"start":{"line":1,"column":0},"end":{"line":1,"column":30}},"1":{"start":{"line":2,"column":0},"end":{"line":2,"column":24}},"2":{"start":{"line":3,"column":0},"end":{"line":3,"column":43}},"3":{"start":{"line":4,"column":0},"end":{"line":4,"column":28}},"4":{"start":{"line":6,"column":0},"end":{"line":6,"column":51}},"5":{"start":{"line":7,"column":0},"end":{"line":7,"column":41}},"6":{"start":{"line":8,"column":0},"end":{"line":8,"column":58}},"7":{"start":{"line":9,"column":0},"end":{"line":9,"column":45}},"8":{"start":{"line":10,"column":0},"end":{"line":10,"column":40}},"9":{"start":{"line":13,"column":12},"end":{"line":13,"column":21}},"10":{"start":{"line":16,"column":0},"end":{"line":16,"column":18}},"11":{"start":{"line":19,"column":24},"end":{"line":21,"column":25}},"12":{"start":{"line":21,"column":16},"end":{"line":21,"column":24}},"13":{"start":{"line":23,"column":0},"end":{"line":32,"column":2}},"14":{"start":{"line":27,"column":12},"end":{"line":27,"column":83}},"15":{"start":{"line":27,"column":61},"end":{"line":27,"column":83}},"16":{"start":{"line":28,"column":12},"end":{"line":28,"column":64}},"17":{"start":{"line":35,"column":0},"end":{"line":35,"column":40}},"18":{"start":{"line":36,"column":0},"end":{"line":36,"column":24}},"19":{"start":{"line":39,"column":26},"end":{"line":45,"column":2}},"20":{"start":{"line":46,"column":0},"end":{"line":46,"column":27}},"21":{"start":{"line":49,"column":13},"end":{"line":55,"column":3}},"22":{"start":{"line":58,"column":0},"end":{"line":58,"column":35}},"23":{"start":{"line":59,"column":0},"end":{"line":59,"column":39}},"24":{"start":{"line":60,"column":0},"end":{"line":60,"column":37}},"25":{"start":{"line":61,"column":0},"end":{"line":61,"column":29}},"26":{"start":{"line":64,"column":0},"end":{"line":66,"column":3}},"27":{"start":{"line":65,"column":4},"end":{"line":65,"column":68}},"28":{"start":{"line":69,"column":0},"end":{"line":72,"column":3}},"29":{"start":{"line":70,"column":4},"end":{"line":70,"column":78}},"30":{"start":{"line":71,"column":4},"end":{"line":71,"column":89}},"31":{"start":{"line":74,"column":0},"end":{"line":74,"column":19}}},"fnMap":{"0":{"name":"(anonymous_1)","decl":{"start":{"line":21,"column":9},"end":{"line":21,"column":10}},"loc":{"start":{"line":21,"column":16},"end":{"line":21,"column":24}}},"1":{"name":"(anonymous_2)","decl":{"start":{"line":25,"column":16},"end":{"line":25,"column":17}},"loc":{"start":{"line":25,"column":97},"end":{"line":29,"column":9}}},"2":{"name":"(anonymous_3)","decl":{"start":{"line":64,"column":19},"end":{"line":64,"column":20}},"loc":{"start":{"line":64,"column":33},"end":{"line":66,"column":1}}},"3":{"name":"(anonymous_4)","decl":{"start":{"line":69,"column":8},"end":{"line":69,"column":9}},"loc":{"start":{"line":69,"column":120},"end":{"line":72,"column":1}}}},"branchMap":{"0":{"loc":{"start":{"line":19,"column":25},"end":{"line":19,"column":79}},"type":"binary-expr","locations":[{"start":{"line":19,"column":25},"end":{"line":19,"column":52}},{"start":{"line":19,"column":56},"end":{"line":19,"column":79}}]},"1":{"loc":{"start":{"line":27,"column":12},"end":{"line":27,"column":83}},"type":"if","locations":[{"start":{"line":27,"column":12},"end":{"line":27,"column":83}},{"start":{},"end":{}}]},"2":{"loc":{"start":{"line":27,"column":16},"end":{"line":27,"column":59}},"type":"binary-expr","locations":[{"start":{"line":27,"column":16},"end":{"line":27,"column":23}},{"start":{"line":27,"column":27},"end":{"line":27,"column":59}}]},"3":{"loc":{"start":{"line":71,"column":15},"end":{"line":71,"column":32}},"type":"binary-expr","locations":[{"start":{"line":71,"column":15},"end":{"line":71,"column":25}},{"start":{"line":71,"column":29},"end":{"line":71,"column":32}}]},"4":{"loc":{"start":{"line":71,"column":47},"end":{"line":71,"column":85}},"type":"binary-expr","locations":[{"start":{"line":71,"column":47},"end":{"line":71,"column":58}},{"start":{"line":71,"column":62},"end":{"line":71,"column":85}}]}},"s":{"0":1,"1":1,"2":1,"3":1,"4":1,"5":1,"6":1,"7":1,"8":1,"9":1,"10":1,"11":1,"12":1,"13":1,"14":21,"15":19,"16":2,"17":1,"18":1,"19":1,"20":1,"21":1,"22":1,"23":1,"24":1,"25":1,"26":1,"27":8,"28":1,"29":2,"30":2,"31":1},"f":{"0":1,"1":21,"2":8,"3":2},"b":{"0":[1,1],"1":[19,2],"2":[21,3],"3":[2,2],"4":[2,0]}}
,"C:\\Users\\rpidi\\OneDrive\\Desktop\\Smart Code Lab\\backend\\src\\controllers\\ai.controller.ts": {"path":"C:\\Users\\rpidi\\OneDrive\\Desktop\\Smart Code Lab\\backend\\src\\controllers\\ai.controller.ts","statementMap":{"0":{"start":{"line":3,"column":0},"end":{"line":3,"column":62}},"1":{"start":{"line":4,"column":0},"end":{"line":4,"column":38}},"2":{"start":{"line":6,"column":32},"end":{"line":43,"column":1}},"3":{"start":{"line":7,"column":31},"end":{"line":7,"column":39}},"4":{"start":{"line":9,"column":4},"end":{"line":42,"column":5}},"5":{"start":{"line":10,"column":8},"end":{"line":10,"column":82}},"6":{"start":{"line":10,"column":21},"end":{"line":10,"column":82}},"7":{"start":{"line":13,"column":8},"end":{"line":19,"column":11}},"8":{"start":{"line":21,"column":25},"end":{"line":21,"column":59}},"9":{"start":{"line":24,"column":8},"end":{"line":30,"column":11}},"10":{"start":{"line":32,"column":8},"end":{"line":35,"column":11}},"11":{"start":{"line":38,"column":8},"end":{"line":41,"column":11}},"12":{"start":{"line":6,"column":13},"end":{"line":6,"column":32}},"13":{"start":{"line":46,"column":28},"end":{"line":64,"column":1}},"14":{"start":{"line":48,"column":23},"end":{"line":48,"column":33}},"15":{"start":{"line":50,"column":4},"end":{"line":63,"column":5}},"16":{"start":{"line":51,"column":25},"end":{"line":54,"column":10}},"17":{"start":{"line":56,"column":8},"end":{"line":56,"column":27}},"18":{"start":{"line":59,"column":8},"end":{"line":62,"column":11}},"19":{"start":{"line":46,"column":13},"end":{"line":46,"column":28}},"20":{"start":{"line":66,"column":30},"end":{"line":78,"column":1}},"21":{"start":{"line":67,"column":23},"end":{"line":67,"column":33}},"22":{"start":{"line":69,"column":4},"end":{"line":77,"column":5}},"23":{"start":{"line":70,"column":8},"end":{"line":72,"column":11}},"24":{"start":{"line":74,"column":8},"end":{"line":74,"column":36}},"25":{"start":{"line":76,"column":8},"end":{"line":76,"column":67}},"26":{"start":{"line":66,"column":13},"end":{"line":66,"column":30}}},"fnMap":{"0":{"name":"(anonymous_0)","decl":{"start":{"line":6,"column":32},"end":{"line":6,"column":37}},"loc":{"start":{"line":6,"column":89},"end":{"line":43,"column":1}}},"1":{"name":"(anonymous_1)","decl":{"start":{"line":46,"column":28},"end":{"line":46,"column":33}},"loc":{"start":{"line":46,"column":66},"end":{"line":64,"column":1}}},"2":{"name":"(anonymous_2)","decl":{"start":{"line":66,"column":30},"end":{"line":66,"column":35}},"loc":{"start":{"line":66,"column":68},"end":{"line":78,"column":1}}}},"branchMap":{"0":{"loc":{"start":{"line":10,"column":8},"end":{"line":10,"column":82}},"type":"if","locations":[{"start":{"line":10,"column":8},"end":{"line":10,"column":82}},{"start":{},"end":{}}]}},"s":{"0":2,"1":2,"2":2,"3":13,"4":13,"5":13,"6":0,"7":13,"8":12,"9":11,"10":11,"11":2,"12":2,"13":2,"14":3,"15":3,"16":3,"17":2,"18":1,"19":2,"20":2,"21":3,"22":3,"23":3,"24":2,"25":1,"26":2},"f":{"0":13,"1":3,"2":3},"b":{"0":[0,13]}}
,"C:\\Users\\rpidi\\OneDrive\\Desktop\\Smart Code Lab\\backend\\src\\controllers\\codeSnapshot.controller.ts": {"path":"C:\\Users\\rpidi\\OneDrive\\Desktop\\Smart Code Lab\\backend\\src\\controllers\\codeSnapshot.controller.ts","statementMap":{"0":{"start":{"line":2,"column":0},"end":{"line":2,"column":38}},"1":{"start":{"line":3,"column":0},"end":{"line":3,"column":68}},"2":{"start":{"line":5,"column":38},"end":{"line":21,"column":1}},"3":{"start":{"line":7,"column":4},"end":{"line":20,"column":5}},"4":{"start":{"line":8,"column":27},"end":{"line":8,"column":37}},"5":{"start":{"line":9,"column":35},"end":{"line":9,"column":43}},"6":{"start":{"line":11,"column":8},"end":{"line":15,"column":null}},"7":{"start":{"line":17,"column":8},"end":{"line":17,"column":36}},"8":{"start":{"line":19,"column":8},"end":{"line":19,"column":66}},"9":{"start":{"line":5,"column":13},"end":{"line":5,"column":38}},"10":{"start":{"line":23,"column":38},"end":{"line":36,"column":1}},"11":{"start":{"line":24,"column":23},"end":{"line":24,"column":33}},"12":{"start":{"line":26,"column":4},"end":{"line":35,"column":5}},"13":{"start":{"line":27,"column":26},"end":{"line":30,"column":10}},"14":{"start":{"line":32,"column":8},"end":{"line":32,"column":28}},"15":{"start":{"line":34,"column":8},"end":{"line":34,"column":68}},"16":{"start":{"line":23,"column":13},"end":{"line":23,"column":38}}},"fnMap":{"0":{"name":"(anonymous_0)","decl":{"start":{"line":5,"column":38},"end":{"line":5,"column":43}},"loc":{"start":{"line":5,"column":76},"end":{"line":21,"column":1}}},"1":{"name":"(anonymous_1)","decl":{"start":{"line":23,"column":38},"end":{"line":23,"column":43}},"loc":{"start":{"line":23,"column":76},"end":{"line":36,"column":1}}}},"branchMap":{},"s":{"0":2,"1":2,"2":2,"3":3,"4":3,"5":3,"6":3,"7":2,"8":1,"9":2,"10":2,"11":3,"12":3,"13":3,"14":2,"15":1,"16":2},"f":{"0":3,"1":3},"b":{}}
,"C:\\Users\\rpidi\\OneDrive\\Desktop\\Smart Code Lab\\backend\\src\\controllers\\compile.controller.ts": {"path":"C:\\Users\\rpidi\\OneDrive\\Desktop\\Smart Code Lab\\backend\\src\\controllers\\compile.controller.ts","statementMap":{"0":{"start":{"line":2,"column":0},"end":{"line":2,"column":56}},"1":{"start":{"line":5,"column":27},"end":{"line":28,"column":1}},"2":{"start":{"line":6,"column":4},"end":{"line":27,"column":5}},"3":{"start":{"line":7,"column":44},"end":{"line":7,"column":70}},"4":{"start":{"line":8,"column":23},"end":{"line":8,"column":64}},"5":{"start":{"line":10,"column":21},"end":{"line":10,"column":23}},"6":{"start":{"line":11,"column":8},"end":{"line":15,"column":9}},"7":{"start":{"line":12,"column":12},"end":{"line":12,"column":35}},"8":{"start":{"line":14,"column":12},"end":{"line":14,"column":98}},"9":{"start":{"line":17,"column":8},"end":{"line":21,"column":11}},"10":{"start":{"line":24,"column":8},"end":{"line":26,"column":11}},"11":{"start":{"line":5,"column":13},"end":{"line":5,"column":27}}},"fnMap":{"0":{"name":"(anonymous_0)","decl":{"start":{"line":5,"column":27},"end":{"line":5,"column":32}},"loc":{"start":{"line":5,"column":65},"end":{"line":28,"column":1}}}},"branchMap":{"0":{"loc":{"start":{"line":11,"column":8},"end":{"line":15,"column":9}},"type":"if","locations":[{"start":{"line":11,"column":8},"end":{"line":15,"column":9}},{"start":{"line":13,"column":15},"end":{"line":15,"column":9}}]},"1":{"loc":{"start":{"line":14,"column":21},"end":{"line":14,"column":97}},"type":"binary-expr","locations":[{"start":{"line":14,"column":21},"end":{"line":14,"column":34}},{"start":{"line":14,"column":38},"end":{"line":14,"column":59}},{"start":{"line":14,"column":63},"end":{"line":14,"column":77}},{"start":{"line":14,"column":81},"end":{"line":14,"column":97}}]}},"s":{"0":2,"1":2,"2":6,"3":6,"4":6,"5":5,"6":5,"7":3,"8":2,"9":5,"10":1,"11":2},"f":{"0":6},"b":{"0":[3,2],"1":[2,1,0,0]}}
,"C:\\Users\\rpidi\\OneDrive\\Desktop\\Smart Code Lab\\backend\\src\\controllers\\room.controller.ts": {"path":"C:\\Users\\rpidi\\OneDrive\\Desktop\\Smart Code Lab\\backend\\src\\controllers\\room.controller.ts","statementMap":{"0":{"start":{"line":2,"column":0},"end":{"line":2,"column":38}},"1":{"start":{"line":3,"column":0},"end":{"line":3,"column":59}},"2":{"start":{"line":6,"column":27},"end":{"line":20,"column":1}},"3":{"start":{"line":7,"column":23},"end":{"line":7,"column":33}},"4":{"start":{"line":9,"column":4},"end":{"line":19,"column":5}},"5":{"start":{"line":10,"column":21},"end":{"line":10,"column":60}},"6":{"start":{"line":12,"column":8},"end":{"line":16,"column":11}},"7":{"start":{"line":18,"column":8},"end":{"line":18,"column":63}},"8":{"start":{"line":6,"column":13},"end":{"line":6,"column":27}},"9":{"start":{"line":23,"column":28},"end":{"line":40,"column":1}},"10":{"start":{"line":24,"column":23},"end":{"line":24,"column":33}},"11":{"start":{"line":25,"column":31},"end":{"line":25,"column":39}},"12":{"start":{"line":27,"column":4},"end":{"line":39,"column":5}},"13":{"start":{"line":28,"column":8},"end":{"line":34,"column":11}},"14":{"start":{"line":36,"column":8},"end":{"line":36,"column":36}},"15":{"start":{"line":38,"column":8},"end":{"line":38,"column":63}},"16":{"start":{"line":23,"column":13},"end":{"line":23,"column":28}}},"fnMap":{"0":{"name":"(anonymous_0)","decl":{"start":{"line":6,"column":27},"end":{"line":6,"column":32}},"loc":{"start":{"line":6,"column":65},"end":{"line":20,"column":1}}},"1":{"name":"(anonymous_1)","decl":{"start":{"line":23,"column":28},"end":{"line":23,"column":33}},"loc":{"start":{"line":23,"column":66},"end":{"line":40,"column":1}}}},"branchMap":{},"s":{"0":2,"1":2,"2":2,"3":3,"4":3,"5":3,"6":2,"7":1,"8":2,"9":2,"10":2,"11":2,"12":2,"13":2,"14":1,"15":1,"16":2},"f":{"0":3,"1":2},"b":{}}
,"C:\\Users\\rpidi\\OneDrive\\Desktop\\Smart Code Lab\\backend\\src\\middleware\\validate.ts": {"path":"C:\\Users\\rpidi\\OneDrive\\Desktop\\Smart Code Lab\\backend\\src\\middleware\\validate.ts","statementMap":{"0":{"start":{"line":4,"column":0},"end":{"line":4,"column":16}},"1":{"start":{"line":2,"column":0},"end":{"line":2,"column":35}},"2":{"start":{"line":5,"column":4},"end":{"line":19,"column":6}},"3":{"start":{"line":6,"column":23},"end":{"line":6,"column":49}},"4":{"start":{"line":7,"column":8},"end":{"line":16,"column":9}},"5":{"start":{"line":8,"column":12},"end":{"line":14,"column":15}},"6":{"start":{"line":10,"column":56},"end":{"line":13,"column":18}},"7":{"start":{"line":15,"column":12},"end":{"line":15,"column":19}},"8":{"start":{"line":17,"column":8},"end":{"line":17,"column":31}},"9":{"start":{"line":18,"column":8},"end":{"line":18,"column":15}},"10":{"start":{"line":24,"column":13},"end":{"line":28,"column":3}},"11":{"start":{"line":30,"column":13},"end":{"line":33,"column":3}},"12":{"start":{"line":35,"column":13},"end":{"line":38,"column":3}},"13":{"start":{"line":40,"column":13},"end":{"line":43,"column":3}}},"fnMap":{"0":{"name":"validate","decl":{"start":{"line":4,"column":16},"end":{"line":4,"column":24}},"loc":{"start":{"line":4,"column":48},"end":{"line":20,"column":1}}},"1":{"name":"(anonymous_1)","decl":{"start":{"line":5,"column":11},"end":{"line":5,"column":12}},"loc":{"start":{"line":5,"column":63},"end":{"line":19,"column":5}}},"2":{"name":"(anonymous_2)","decl":{"start":{"line":10,"column":48},"end":{"line":10,"column":49}},"loc":{"start":{"line":10,"column":56},"end":{"line":13,"column":18}}}},"branchMap":{"0":{"loc":{"start":{"line":7,"column":8},"end":{"line":16,"column":9}},"type":"if","locations":[{"start":{"line":7,"column":8},"end":{"line":16,"column":9}},{"start":{},"end":{}}]}},"s":{"0":6,"1":6,"2":12,"3":48,"4":48,"5":11,"6":11,"7":11,"8":37,"9":37,"10":6,"11":6,"12":6,"13":6},"f":{"0":12,"1":48,"2":11},"b":{"0":[11,37]}}
,"C:\\Users\\rpidi\\OneDrive\\Desktop\\Smart Code Lab\\backend\\src\\routes\\ai.route.ts": {"path":"C:\\Users\\rpidi\\OneDrive\\Desktop\\Smart Code Lab\\backend\\src\\routes\\ai.route.ts","statementMap":{"0":{"start":{"line":1,"column":0},"end":{"line":1,"column":33}},"1":{"start":{"line":2,"column":0},"end":{"line":2,"column":94}},"2":{"start":{"line":3,"column":0},"end":{"line":3,"column":68}},"3":{"start":{"line":5,"column":15},"end":{"line":5,"column":23}},"4":{"start":{"line":7,"column":0},"end":{"line":7,"column":71}},"5":{"start":{"line":8,"column":0},"end":{"line":8,"column":45}},"6":{"start":{"line":9,"column":0},"end":{"line":9,"column":50}},"7":{"start":{"line":11,"column":0},"end":{"line":11,"column":22}}},"fnMap":{},"branchMap":{},"s":{"0":2,"1":2,"2":2,"3":2,"4":2,"5":2,"6":2,"7":2},"f":{},"b":{}}
,"C:\\Users\\rpidi\\OneDrive\\Desktop\\Smart Code Lab\\backend\\src\\routes\\codeSnapshot.routes.ts": {"path":"C:\\Users\\rpidi\\OneDrive\\Desktop\\Smart Code Lab\\backend\\src\\routes\\codeSnapshot.routes.ts","statementMap":{"0":{"start":{"line":1,"column":0},"end":{"line":1,"column":33}},"1":{"start":{"line":2,"column":0},"end":{"line":2,"column":104}},"2":{"start":{"line":3,"column":0},"end":{"line":3,"column":66}},"3":{"start":{"line":5,"column":15},"end":{"line":5,"column":23}},"4":{"start":{"line":7,"column":0},"end":{"line":7,"column":74}},"5":{"start":{"line":8,"column":0},"end":{"line":8,"column":47}},"6":{"start":{"line":10,"column":0},"end":{"line":10,"column":22}}},"fnMap":{},"branchMap":{},"s":{"0":2,"1":2,"2":2,"3":2,"4":2,"5":2,"6":2},"f":{},"b":{}}
,"C:\\Users\\rpidi\\OneDrive\\Desktop\\Smart Code Lab\\backend\\src\\routes\\compile.route.ts": {"path":"C:\\Users\\rpidi\\OneDrive\\Desktop\\Smart Code Lab\\backend\\src\\routes\\compile.route.ts","statementMap":{"0":{"start":{"line":1,"column":0},"end":{"line":1,"column":32}},"1":{"start":{"line":2,"column":0},"end":{"line":2,"column":64}},"2":{"start":{"line":3,"column":0},"end":{"line":3,"column":64}},"3":{"start":{"line":6,"column":15},"end":{"line":6,"column":23}},"4":{"start":{"line":8,"column":0},"end":{"line":8,"column":55}},"5":{"start":{"line":10,"column":0},"end":{"line":10,"column":22}}},"fnMap":{},"branchMap":{},"s":{"0":2,"1":2,"2":2,"3":2,"4":2,"5":2},"f":{},"b":{}}
,"C:\\Users\\rpidi\\OneDrive\\Desktop\\Smart Code Lab\\backend\\src\\routes\\room.route.ts": {"path":"C:\\Users\\rpidi\\OneDrive\\Desktop\\Smart Code Lab\\backend\\src\\routes\\room.route.ts","statementMap":{"0":{"start":{"line":1,"column":0},"end":{"line":1,"column":33}},"1":{"start":{"line":2,"column":0},"end":{"line":2,"column":75}},"2":{"start":{"line":3,"column":0},"end":{"line":3,"column":66}},"3":{"start":{"line":5,"column":15},"end":{"line":5,"column":23}},"4":{"start":{"line":8,"column":0},"end":{"line":8,"column":36}},"5":{"start":{"line":11,"column":0},"end":{"line":11,"column":68}},"6":{"start":{"line":13,"column":0},"end":{"line":13,"column":22}}},"fnMap":{},"branchMap":{},"s":{"0":2,"1":2,"2":2,"3":2,"4":2,"5":2,"6":2},"f":{},"b":{}}
,"C:\\Users\\rpidi\\OneDrive\\Desktop\\Smart Code Lab\\backend\\src\\services\\ai.service.ts": {"path":"C:\\Users\\rpidi\\OneDrive\\Desktop\\Smart Code Lab\\backend\\src\\services\\ai.service.ts","statementMap":{"0":{"start":{"line":1,"column":0},"end":{"line":1,"column":59}},"1":{"start":{"line":2,"column":0},"end":{"line":2,"column":41}},"2":{"start":{"line":5,"column":14},"end":{"line":5,"column":65}},"3":{"start":{"line":6,"column":14},"end":{"line":6,"column":69}},"4":{"start":{"line":9,"column":36},"end":{"line":19,"column":1}},"5":{"start":{"line":10,"column":4},"end":{"line":10,"column":67}},"6":{"start":{"line":10,"column":25},"end":{"line":10,"column":67}},"7":{"start":{"line":12,"column":4},"end":{"line":12,"column":73}},"8":{"start":{"line":14,"column":19},"end":{"line":14,"column":54}},"9":{"start":{"line":15,"column":17},"end":{"line":15,"column":39}},"10":{"start":{"line":17,"column":4},"end":{"line":17,"column":77}},"11":{"start":{"line":18,"column":4},"end":{"line":18,"column":16}},"12":{"start":{"line":9,"column":13},"end":{"line":9,"column":36}}},"fnMap":{"0":{"name":"(anonymous_0)","decl":{"start":{"line":9,"column":36},"end":{"line":9,"column":41}},"loc":{"start":{"line":9,"column":78},"end":{"line":19,"column":1}}}},"branchMap":{"0":{"loc":{"start":{"line":10,"column":4},"end":{"line":10,"column":67}},"type":"if","locations":[{"start":{"line":10,"column":4},"end":{"line":10,"column":67}},{"start":{},"end":{}}]}},"s":{"0":1,"1":1,"2":1,"3":1,"4":1,"5":5,"6":2,"7":3,"8":3,"9":2,"10":2,"11":2,"12":1},"f":{"0":5},"b":{"0":[2,3]}}
,"C:\\Users\\rpidi\\OneDrive\\Desktop\\Smart Code Lab\\backend\\src\\services\\codeSnapshot.service.ts": {"path":"C:\\Users\\rpidi\\OneDrive\\Desktop\\Smart Code Lab\\backend\\src\\services\\codeSnapshot.service.ts","statementMap":{"0":{"start":{"line":1,"column":0},"end":{"line":1,"column":38}},"1":{"start":{"line":3,"column":32},"end":{"line":26,"column":1}},"2":{"start":{"line":9,"column":25},"end":{"line":12,"column":6}},"3":{"start":{"line":15,"column":4},"end":{"line":17,"column":5}},"4":{"start":{"line":16,"column":8},"end":{"line":16,"column":15}},"5":{"start":{"line":19,"column":4},"end":{"line":25,"column":7}},"6":{"start":{"line":3,"column":13},"end":{"line":3,"column":32}}},"fnMap":{"0":{"name":"(anonymous_0)","decl":{"start":{"line":3,"column":32},"end":{"line":3,"column":37}},"loc":{"start":{"line":7,"column":5},"end":{"line":26,"column":1}}}},"branchMap":{"0":{"loc":{"start":{"line":15,"column":4},"end":{"line":17,"column":5}},"type":"if","locations":[{"start":{"line":15,"column":4},"end":{"line":17,"column":5}},{"start":{},"end":{}}]},"1":{"loc":{"start":{"line":15,"column":8},"end":{"line":15,"column":74}},"type":"binary-expr","locations":[{"start":{"line":15,"column":8},"end":{"line":15,"column":35}},{"start":{"line":15,"column":39},"end":{"line":15,"column":74}}]}},"s":{"0":2,"1":2,"2":9,"3":8,"4":1,"5":7,"6":2},"f":{"0":9},"b":{"0":[1,7],"1":[8,2]}}
,"C:\\Users\\rpidi\\OneDrive\\Desktop\\Smart Code Lab\\backend\\src\\services\\judge0.service.ts": {"path":"C:\\Users\\rpidi\\OneDrive\\Desktop\\Smart Code Lab\\backend\\src\\services\\judge0.service.ts","statementMap":{"0":{"start":{"line":1,"column":0},"end":{"line":1,"column":26}},"1":{"start":{"line":3,"column":26},"end":{"line":14,"column":1}},"2":{"start":{"line":4,"column":21},"end":{"line":10,"column":null}},"3":{"start":{"line":13,"column":4},"end":{"line":13,"column":25}},"4":{"start":{"line":3,"column":13},"end":{"line":3,"column":26}}},"fnMap":{"0":{"name":"(anonymous_1)","decl":{"start":{"line":3,"column":26},"end":{"line":3,"column":31}},"loc":{"start":{"line":3,"column":85},"end":{"line":14,"column":1}}}},"branchMap":{},"s":{"0":2,"1":2,"2":8,"3":7,"4":2},"f":{"0":8},"b":{}}
,"C:\\Users\\rpidi\\OneDrive\\Desktop\\Smart Code Lab\\backend\\src\\services\\room.service.ts": {"path":"C:\\Users\\rpidi\\OneDrive\\Desktop\\Smart Code Lab\\backend\\src\\services\\room.service.ts","statementMap":{"0":{"start":{"line":1,"column":0},"end":{"line":1,"column":38}},"1":{"start":{"line":3,"column":31},"end":{"line":19,"column":1}},"2":{"start":{"line":4,"column":15},"end":{"line":6,"column":6}},"3":{"start":{"line":8,"column":4},"end":{"line":16,"column":5}},"4":{"start":{"line":9,"column":8},"end":{"line":15,"column":11}},"5":{"start":{"line":18,"column":4},"end":{"line":18,"column":16}},"6":{"start":{"line":3,"column":13},"end":{"line":3,"column":31}}},"fnMap":{"0":{"name":"(anonymous_0)","decl":{"start":{"line":3,"column":31},"end":{"line":3,"column":36}},"loc":{"start":{"line":3,"column":56},"end":{"line":19,"column":1}}}},"branchMap":{"0":{"loc":{"start":{"line":8,"column":4},"end":{"line":16,"column":5}},"type":"if","locations":[{"start":{"line":8,"column":4},"end":{"line":16,"column":5}},{"start":{},"end":{}}]}},"s":{"0":1,"1":1,"2":3,"3":2,"4":1,"5":2,"6":1},"f":{"0":3},"b":{"0":[1,1]}}
,"C:\\Users\\rpidi\\OneDrive\\Desktop\\Smart Code Lab\\backend\\src\\utils\\logger.ts": {"path":"C:\\Users\\rpidi\\OneDrive\\Desktop\\Smart Code Lab\\backend\\src\\utils\\logger.ts","statementMap":{"0":{"start":{"line":3,"column":38},"end":{"line":8,"column":2}},"1":{"start":{"line":10,"column":29},"end":{"line":10,"column":70}},"2":{"start":{"line":13,"column":4},"end":{"line":13,"column":53}},"3":{"start":{"line":13,"column":46},"end":{"line":13,"column":53}},"4":{"start":{"line":15,"column":18},"end":{"line":20,"column":6}},"5":{"start":{"line":22,"column":19},"end":{"line":22,"column":40}},"6":{"start":{"line":23,"column":4},"end":{"line":27,"column":5}},"7":{"start":{"line":24,"column":8},"end":{"line":24,"column":44}},"8":{"start":{"line":26,"column":8},"end":{"line":26,"column":44}},"9":{"start":{"line":30,"column":13},"end":{"line":35,"column":2}},"10":{"start":{"line":31,"column":60},"end":{"line":31,"column":83}},"11":{"start":{"line":32,"column":60},"end":{"line":32,"column":83}},"12":{"start":{"line":33,"column":60},"end":{"line":33,"column":83}},"13":{"start":{"line":34,"column":60},"end":{"line":34,"column":83}}},"fnMap":{"0":{"name":"log","decl":{"start":{"line":12,"column":9},"end":{"line":12,"column":12}},"loc":{"start":{"line":12,"column":74},"end":{"line":28,"column":1}}},"1":{"name":"(anonymous_1)","decl":{"start":{"line":31,"column":11},"end":{"line":31,"column":12}},"loc":{"start":{"line":31,"column":60},"end":{"line":31,"column":83}}},"2":{"name":"(anonymous_2)","decl":{"start":{"line":32,"column":11},"end":{"line":32,"column":12}},"loc":{"start":{"line":32,"column":60},"end":{"line":32,"column":83}}},"3":{"name":"(anonymous_3)","decl":{"start":{"line":33,"column":11},"end":{"line":33,"column":12}},"loc":{"start":{"line":33,"column":60},"end":{"line":33,"column":83}}},"4":{"name":"(anonymous_4)","decl":{"start":{"line":34,"column":11},"end":{"line":34,"column":12}},"loc":{"start":{"line":34,"column":60},"end":{"line":34,"column":83}}}},"branchMap":{"0":{"loc":{"start":{"line":10,"column":29},"end":{"line":10,"column":70}},"type":"binary-expr","locations":[{"start":{"line":10,"column":29},"end":{"line":10,"column":60}},{"start":{"line":10,"column":64},"end":{"line":10,"column":70}}]},"1":{"loc":{"start":{"line":13,"column":4},"end":{"line":13,"column":53}},"type":"if","locations":[{"start":{"line":13,"column":4},"end":{"line":13,"column":53}},{"start":{},"end":{}}]},"2":{"loc":{"start":{"line":19,"column":12},"end":{"line":19,"column":22}},"type":"binary-expr","locations":[{"start":{"line":19,"column":12},"end":{"line":19,"column":16}},{"start":{"line":19,"column":20},"end":{"line":19,"column":22}}]},"3":{"loc":{"start":{"line":23,"column":4},"end":{"line":27,"column":5}},"type":"if","locations":[{"start":{"line":23,"column":4},"end":{"line":27,"column":5}},{"start":{"line":25,"column":11},"end":{"line":27,"column":5}}]},"4":{"loc":{"start":{"line":23,"column":8},"end":{"line":23,"column":45}},"type":"binary-expr","locations":[{"start":{"line":23,"column":8},"end":{"line":23,"column":25}},{"start":{"line":23,"column":29},"end":{"line":23,"column":45}}]}},"s":{"0":2,"1":2,"2":7,"3":0,"4":7,"5":7,"6":7,"7":2,"8":5,"9":2,"10":0,"11":5,"12":0,"13":2},"f":{"0":7,"1":0,"2":5,"3":0,"4":2},"b":{"0":[2,2],"1":[0,7],"2":[7,5],"3":[2,5],"4":[7,5]}}
}
