TN:
SF:src\app.ts
FN:21,(anonymous_1)
FN:25,(anonymous_2)
FN:64,(anonymous_3)
FN:69,(anonymous_4)
FNF:4
FNH:4
FNDA:1,(anonymous_1)
FNDA:21,(anonymous_2)
FNDA:8,(anonymous_3)
FNDA:2,(anonymous_4)
DA:1,1
DA:2,1
DA:3,1
DA:4,1
DA:6,1
DA:7,1
DA:8,1
DA:9,1
DA:10,1
DA:13,1
DA:16,1
DA:19,1
DA:21,1
DA:23,1
DA:27,21
DA:28,2
DA:35,1
DA:36,1
DA:39,1
DA:46,1
DA:49,1
DA:58,1
DA:59,1
DA:60,1
DA:61,1
DA:64,1
DA:65,8
DA:69,1
DA:70,2
DA:71,2
DA:74,1
LF:31
LH:31
BRDA:19,0,0,1
BRDA:19,0,1,1
BRDA:27,1,0,19
BRDA:27,1,1,2
BRDA:27,2,0,21
BRDA:27,2,1,3
BRDA:71,3,0,2
BRDA:71,3,1,2
BRDA:71,4,0,2
BRDA:71,4,1,0
BRF:10
BRH:9
end_of_record
TN:
SF:src\controllers\ai.controller.ts
FN:6,(anonymous_0)
FN:46,(anonymous_1)
FN:66,(anonymous_2)
FNF:3
FNH:3
FNDA:13,(anonymous_0)
FNDA:3,(anonymous_1)
FNDA:3,(anonymous_2)
DA:3,2
DA:4,2
DA:6,2
DA:7,13
DA:9,13
DA:10,13
DA:13,13
DA:21,12
DA:24,11
DA:32,11
DA:38,2
DA:46,2
DA:48,3
DA:50,3
DA:51,3
DA:56,2
DA:59,1
DA:66,2
DA:67,3
DA:69,3
DA:70,3
DA:74,2
DA:76,1
LF:23
LH:23
BRDA:10,0,0,0
BRDA:10,0,1,13
BRF:2
BRH:1
end_of_record
TN:
SF:src\controllers\codeSnapshot.controller.ts
FN:5,(anonymous_0)
FN:23,(anonymous_1)
FNF:2
FNH:2
FNDA:3,(anonymous_0)
FNDA:3,(anonymous_1)
DA:2,2
DA:3,2
DA:5,2
DA:7,3
DA:8,3
DA:9,3
DA:11,3
DA:17,2
DA:19,1
DA:23,2
DA:24,3
DA:26,3
DA:27,3
DA:32,2
DA:34,1
LF:15
LH:15
BRF:0
BRH:0
end_of_record
TN:
SF:src\controllers\compile.controller.ts
FN:5,(anonymous_0)
FNF:1
FNH:1
FNDA:6,(anonymous_0)
DA:2,2
DA:5,2
DA:6,6
DA:7,6
DA:8,6
DA:10,5
DA:11,5
DA:12,3
DA:14,2
DA:17,5
DA:24,1
LF:11
LH:11
BRDA:11,0,0,3
BRDA:11,0,1,2
BRDA:14,1,0,2
BRDA:14,1,1,1
BRDA:14,1,2,0
BRDA:14,1,3,0
BRF:6
BRH:4
end_of_record
TN:
SF:src\controllers\room.controller.ts
FN:6,(anonymous_0)
FN:23,(anonymous_1)
FNF:2
FNH:2
FNDA:3,(anonymous_0)
FNDA:2,(anonymous_1)
DA:2,2
DA:3,2
DA:6,2
DA:7,3
DA:9,3
DA:10,3
DA:12,2
DA:18,1
DA:23,2
DA:24,2
DA:25,2
DA:27,2
DA:28,2
DA:36,1
DA:38,1
LF:15
LH:15
BRF:0
BRH:0
end_of_record
TN:
SF:src\middleware\validate.ts
FN:4,validate
FN:5,(anonymous_1)
FN:10,(anonymous_2)
FNF:3
FNH:3
FNDA:12,validate
FNDA:48,(anonymous_1)
FNDA:11,(anonymous_2)
DA:2,6
DA:4,6
DA:5,12
DA:6,48
DA:7,48
DA:8,11
DA:10,11
DA:15,11
DA:17,37
DA:18,37
DA:24,6
DA:30,6
DA:35,6
DA:40,6
LF:14
LH:14
BRDA:7,0,0,11
BRDA:7,0,1,37
BRF:2
BRH:2
end_of_record
TN:
SF:src\routes\ai.route.ts
FNF:0
FNH:0
DA:1,2
DA:2,2
DA:3,2
DA:5,2
DA:7,2
DA:8,2
DA:9,2
DA:11,2
LF:8
LH:8
BRF:0
BRH:0
end_of_record
TN:
SF:src\routes\codeSnapshot.routes.ts
FNF:0
FNH:0
DA:1,2
DA:2,2
DA:3,2
DA:5,2
DA:7,2
DA:8,2
DA:10,2
LF:7
LH:7
BRF:0
BRH:0
end_of_record
TN:
SF:src\routes\compile.route.ts
FNF:0
FNH:0
DA:1,2
DA:2,2
DA:3,2
DA:6,2
DA:8,2
DA:10,2
LF:6
LH:6
BRF:0
BRH:0
end_of_record
TN:
SF:src\routes\room.route.ts
FNF:0
FNH:0
DA:1,2
DA:2,2
DA:3,2
DA:5,2
DA:8,2
DA:11,2
DA:13,2
LF:7
LH:7
BRF:0
BRH:0
end_of_record
TN:
SF:src\services\ai.service.ts
FN:9,(anonymous_0)
FNF:1
FNH:1
FNDA:5,(anonymous_0)
DA:1,1
DA:2,1
DA:5,1
DA:6,1
DA:9,1
DA:10,5
DA:12,3
DA:14,3
DA:15,2
DA:17,2
DA:18,2
LF:11
LH:11
BRDA:10,0,0,2
BRDA:10,0,1,3
BRF:2
BRH:2
end_of_record
TN:
SF:src\services\codeSnapshot.service.ts
FN:3,(anonymous_0)
FNF:1
FNH:1
FNDA:9,(anonymous_0)
DA:1,2
DA:3,2
DA:9,9
DA:15,8
DA:16,1
DA:19,7
LF:6
LH:6
BRDA:15,0,0,1
BRDA:15,0,1,7
BRDA:15,1,0,8
BRDA:15,1,1,2
BRF:4
BRH:4
end_of_record
TN:
SF:src\services\judge0.service.ts
FN:3,(anonymous_1)
FNF:1
FNH:1
FNDA:8,(anonymous_1)
DA:1,2
DA:3,2
DA:4,8
DA:13,7
LF:4
LH:4
BRF:0
BRH:0
end_of_record
TN:
SF:src\services\room.service.ts
FN:3,(anonymous_0)
FNF:1
FNH:1
FNDA:3,(anonymous_0)
DA:1,1
DA:3,1
DA:4,3
DA:8,2
DA:9,1
DA:18,2
LF:6
LH:6
BRDA:8,0,0,1
BRDA:8,0,1,1
BRF:2
BRH:2
end_of_record
TN:
SF:src\utils\logger.ts
FN:12,log
FN:31,(anonymous_1)
FN:32,(anonymous_2)
FN:33,(anonymous_3)
FN:34,(anonymous_4)
FNF:5
FNH:3
FNDA:7,log
FNDA:0,(anonymous_1)
FNDA:5,(anonymous_2)
FNDA:0,(anonymous_3)
FNDA:2,(anonymous_4)
DA:3,2
DA:10,2
DA:13,7
DA:15,7
DA:22,7
DA:23,7
DA:24,2
DA:26,5
DA:30,2
DA:31,0
DA:32,5
DA:33,0
DA:34,2
LF:13
LH:11
BRDA:10,0,0,2
BRDA:10,0,1,2
BRDA:13,1,0,0
BRDA:13,1,1,7
BRDA:19,2,0,7
BRDA:19,2,1,5
BRDA:23,3,0,2
BRDA:23,3,1,5
BRDA:23,4,0,7
BRDA:23,4,1,5
BRF:10
BRH:9
end_of_record
